[INFO  - 2016-04-04T11:19:15.677Z] GhostDriver - Main - running on port 46394
[INFO  - 2016-04-04T11:19:16.222Z] Session [1130fcb0-fa57-11e5-8560-3d3c1afce8a3] - page.settings - {"XSSAuditingEnabled":false,"javascriptCanCloseWindows":true,"javascriptCanOpenWindows":true,"javascriptEnabled":true,"loadImages":true,"localToRemoteUrlAccessEnabled":false,"userAgent":"Mozilla/5.0 (Macintosh; Intel Mac OS X) AppleWebKit/538.1 (KHTML, like Gecko) PhantomJS/2.1.1 Safari/538.1","webSecurityEnabled":true}
[INFO  - 2016-04-04T11:19:16.222Z] Session [1130fcb0-fa57-11e5-8560-3d3c1afce8a3] - page.customHeaders:  - {}
[INFO  - 2016-04-04T11:19:16.222Z] Session [1130fcb0-fa57-11e5-8560-3d3c1afce8a3] - Session.negotiatedCapabilities - {"browserName":"phantomjs","version":"2.1.1","driverName":"ghostdriver","driverVersion":"1.2.0","platform":"mac-10.11 (El Capitan)-64bit","javascriptEnabled":true,"takesScreenshot":true,"handlesAlerts":false,"databaseEnabled":false,"locationContextEnabled":false,"applicationCacheEnabled":false,"browserConnectionEnabled":false,"cssSelectorsEnabled":true,"webStorageEnabled":false,"rotatable":false,"acceptSslCerts":false,"nativeEvents":true,"proxy":{"proxyType":"direct"}}
[INFO  - 2016-04-04T11:19:16.223Z] SessionManagerReqHand - _postNewSessionCommand - New Session Created: 1130fcb0-fa57-11e5-8560-3d3c1afce8a3
[INFO  - 2016-04-04T11:19:46.152Z] ShutdownReqHand - _handle - About to shutdown
[INFO  - 2016-04-04T11:20:02.697Z] GhostDriver - Main - running on port 39331
[INFO  - 2016-04-04T11:20:02.930Z] Session [2d07e8e0-fa57-11e5-8d8c-59ee9b9175fc] - page.settings - {"XSSAuditingEnabled":false,"javascriptCanCloseWindows":true,"javascriptCanOpenWindows":true,"javascriptEnabled":true,"loadImages":true,"localToRemoteUrlAccessEnabled":false,"userAgent":"Mozilla/5.0 (Macintosh; Intel Mac OS X) AppleWebKit/538.1 (KHTML, like Gecko) PhantomJS/2.1.1 Safari/538.1","webSecurityEnabled":true}
[INFO  - 2016-04-04T11:20:02.930Z] Session [2d07e8e0-fa57-11e5-8d8c-59ee9b9175fc] - page.customHeaders:  - {}
[INFO  - 2016-04-04T11:20:02.930Z] Session [2d07e8e0-fa57-11e5-8d8c-59ee9b9175fc] - Session.negotiatedCapabilities - {"browserName":"phantomjs","version":"2.1.1","driverName":"ghostdriver","driverVersion":"1.2.0","platform":"mac-10.11 (El Capitan)-64bit","javascriptEnabled":true,"takesScreenshot":true,"handlesAlerts":false,"databaseEnabled":false,"locationContextEnabled":false,"applicationCacheEnabled":false,"browserConnectionEnabled":false,"cssSelectorsEnabled":true,"webStorageEnabled":false,"rotatable":false,"acceptSslCerts":false,"nativeEvents":true,"proxy":{"proxyType":"direct"}}
[INFO  - 2016-04-04T11:20:02.930Z] SessionManagerReqHand - _postNewSessionCommand - New Session Created: 2d07e8e0-fa57-11e5-8d8c-59ee9b9175fc
[ERROR - 2016-04-04T11:20:28.726Z] WebElementLocator - _handleLocateCommand - Element(s) NOT Found: GAVE UP. Search Stop Time: 1459768828702
[ERROR - 2016-04-04T11:20:30.556Z] WebElementLocator - _handleLocateCommand - Element(s) NOT Found: GAVE UP. Search Stop Time: 1459768830529
[INFO  - 2016-04-04T11:20:31.817Z] ShutdownReqHand - _handle - About to shutdown
[INFO  - 2016-04-04T11:31:49.059Z] GhostDriver - Main - running on port 48914
[INFO  - 2016-04-04T11:31:49.326Z] Session [d21389b0-fa58-11e5-90bb-3735da37c1f0] - page.settings - {"XSSAuditingEnabled":false,"javascriptCanCloseWindows":true,"javascriptCanOpenWindows":true,"javascriptEnabled":true,"loadImages":true,"localToRemoteUrlAccessEnabled":false,"userAgent":"Mozilla/5.0 (Macintosh; Intel Mac OS X) AppleWebKit/538.1 (KHTML, like Gecko) PhantomJS/2.1.1 Safari/538.1","webSecurityEnabled":true}
[INFO  - 2016-04-04T11:31:49.326Z] Session [d21389b0-fa58-11e5-90bb-3735da37c1f0] - page.customHeaders:  - {}
[INFO  - 2016-04-04T11:31:49.326Z] Session [d21389b0-fa58-11e5-90bb-3735da37c1f0] - Session.negotiatedCapabilities - {"browserName":"phantomjs","version":"2.1.1","driverName":"ghostdriver","driverVersion":"1.2.0","platform":"mac-10.11 (El Capitan)-64bit","javascriptEnabled":true,"takesScreenshot":true,"handlesAlerts":false,"databaseEnabled":false,"locationContextEnabled":false,"applicationCacheEnabled":false,"browserConnectionEnabled":false,"cssSelectorsEnabled":true,"webStorageEnabled":false,"rotatable":false,"acceptSslCerts":false,"nativeEvents":true,"proxy":{"proxyType":"direct"}}
[INFO  - 2016-04-04T11:31:49.326Z] SessionManagerReqHand - _postNewSessionCommand - New Session Created: d21389b0-fa58-11e5-90bb-3735da37c1f0
[ERROR - 2016-04-04T11:32:10.362Z] WebElementLocator - _handleLocateCommand - Element(s) NOT Found: GAVE UP. Search Stop Time: 1459769530253
[ERROR - 2016-04-04T11:32:12.197Z] WebElementLocator - _handleLocateCommand - Element(s) NOT Found: GAVE UP. Search Stop Time: 1459769532169
[INFO  - 2016-04-04T11:32:13.510Z] ShutdownReqHand - _handle - About to shutdown
